17:29:41.736 [main] INFO  - User Is On The PolicyBazar HomePage..
17:29:41.970 [main] INFO  - User Hovered on Insurance Products..
17:29:42.429 [main] INFO  - User Printed All The Health Insurances..
17:29:42.430 [main] INFO  - Log End In Cucumber..
17:29:58.243 [main] INFO  - Log Started In Cucumber..
17:29:58.244 [main] INFO  - User Is On The Policy Bazar Home Page..
17:29:58.250 [main] INFO  - User Clicked Travel Insurance...
17:30:06.726 [main] INFO  - User Clicked Clicked Destination..
17:30:07.883 [main] INFO  - User Selected Destination..
17:30:10.606 [main] INFO  - User Opted the Dates..
17:30:11.418 [main] INFO  - User selected no of persons..
17:30:12.081 [main] INFO  - User selected first person age..
17:30:12.623 [main] INFO  - User selected second person age..
17:30:13.745 [main] INFO  - User Clicked No For Medical Problems..
17:30:15.926 [main] INFO  - User Entered Mobile Number..
17:30:32.013 [main] INFO  - User Selected Sort Price Low TO High..
17:30:32.619 [main] INFO  - User Printed The First Three Companies..
17:30:48.537 [main] INFO  - User is on the Policy Bazar Home Page
17:30:57.264 [main] INFO  - User Clicked Buying New Cars..
17:30:57.563 [main] INFO  - User Selected City as Delhi..
17:30:57.834 [main] INFO  - User Selected Area As DL2..
17:30:58.591 [main] INFO  - User Selected Car As Volkswagon..
17:30:59.352 [main] INFO  - User Selected Car Name as Ameo..
17:30:59.965 [main] INFO  - User Selected Fuel Type as Petrol..
17:31:00.476 [main] INFO  - User Selected The Model As Highline plus..
17:31:01.590 [main] INFO  - User Entered Invalid Email Id..
17:31:02.751 [main] INFO  - User Entered Valid Email..
17:31:07.163 [main] INFO  - User Clicked On the Delhivery in next 7 Days..
17:31:07.656 [main] INFO  - User Enetred Car Ex Show Room Price As 9 Lakhs..
17:31:11.345 [main] INFO  - User Selected The First Car Insurace Company..
17:34:51.138 [main] INFO  - User Is On The PolicyBazar HomePage..
17:34:51.429 [main] INFO  - User Hovered on Insurance Products..
17:34:51.951 [main] INFO  - User Printed All The Health Insurances..
17:34:51.952 [main] INFO  - Log End In Cucumber..
17:35:10.741 [main] INFO  - Log Started In Cucumber..
17:35:10.742 [main] INFO  - User Is On The Policy Bazar Home Page..
17:35:10.750 [main] INFO  - User Clicked Travel Insurance...
17:35:15.178 [main] INFO  - User Clicked Clicked Destination..
17:35:16.112 [main] INFO  - User Selected Destination..
17:35:19.891 [main] INFO  - User Opted the Dates..
17:35:21.097 [main] INFO  - User selected no of persons..
17:35:21.835 [main] INFO  - User selected first person age..
17:35:22.376 [main] INFO  - User selected second person age..
17:35:23.537 [main] INFO  - User Clicked No For Medical Problems..
17:35:26.302 [main] INFO  - User Entered Mobile Number..
17:35:42.686 [main] INFO  - User Selected Sort Price Low TO High..
17:35:44.508 [main] INFO  - User Printed The First Three Companies..
17:36:12.275 [main] INFO  - User is on the Policy Bazar Home Page
17:36:20.437 [main] INFO  - User Clicked Buying New Cars..
17:36:20.999 [main] INFO  - User Selected City as Delhi..
17:36:21.444 [main] INFO  - User Selected Area As DL2..
17:36:22.446 [main] INFO  - User Selected Car As Volkswagon..
17:36:23.651 [main] INFO  - User Selected Car Name as Ameo..
17:36:24.605 [main] INFO  - User Selected Fuel Type as Petrol..
17:36:25.439 [main] INFO  - User Selected The Model As Highline plus..
17:36:27.789 [main] INFO  - User Entered Invalid Email Id..
17:36:29.527 [main] INFO  - User Entered Valid Email..
17:36:34.401 [main] INFO  - User Clicked On the Delhivery in next 7 Days..
17:36:37.189 [main] INFO  - User Enetred Car Ex Show Room Price As 9 Lakhs..
17:39:04.115 [main] INFO  - User is on the Policy Bazar Home Page
17:39:09.800 [main] INFO  - User Clicked Buying New Cars..
17:39:10.049 [main] INFO  - User Selected City as Delhi..
17:39:10.303 [main] INFO  - User Selected Area As DL2..
17:39:10.883 [main] INFO  - User Selected Car As Volkswagon..
17:39:11.780 [main] INFO  - User Selected Car Name as Ameo..
17:39:12.442 [main] INFO  - User Selected Fuel Type as Petrol..
17:39:12.909 [main] INFO  - User Selected The Model As Highline plus..
17:39:14.249 [main] INFO  - User Entered Invalid Email Id..
17:39:15.183 [main] INFO  - User Entered Valid Email..
17:39:19.813 [main] INFO  - User Clicked On the Delhivery in next 7 Days..
17:39:22.386 [main] INFO  - User Enetred Car Ex Show Room Price As 9 Lakhs..
17:40:26.972 [main] INFO  - User is on the Policy Bazar Home Page
17:40:32.781 [main] INFO  - User Clicked Buying New Cars..
17:40:33.139 [main] INFO  - User Selected City as Delhi..
17:40:33.336 [main] INFO  - User Selected Area As DL2..
17:40:33.924 [main] INFO  - User Selected Car As Volkswagon..
17:40:34.903 [main] INFO  - User Selected Car Name as Ameo..
17:40:35.458 [main] INFO  - User Selected Fuel Type as Petrol..
17:40:35.938 [main] INFO  - User Selected The Model As Highline plus..
17:40:37.013 [main] INFO  - User Entered Invalid Email Id..
17:40:37.935 [main] INFO  - User Entered Valid Email..
17:40:42.270 [main] INFO  - User Clicked On the Delhivery in next 7 Days..
17:40:44.646 [main] INFO  - User Enetred Car Ex Show Room Price As 9 Lakhs..
17:40:45.583 [main] INFO  - User Selected The First Car Insurace Company..
17:40:50.136 [main] INFO  - User Printed the Car Insurance Quote For That Company..
17:41:57.111 [main] INFO  - User Is On The PolicyBazar HomePage..
17:41:57.349 [main] INFO  - User Hovered on Insurance Products..
17:41:58.050 [main] INFO  - User Printed All The Health Insurances..
17:41:58.051 [main] INFO  - Log End In Cucumber..
17:42:16.472 [main] INFO  - Log Started In Cucumber..
17:42:16.473 [main] INFO  - User Is On The Policy Bazar Home Page..
17:42:16.480 [main] INFO  - User Clicked Travel Insurance...
17:42:22.795 [main] INFO  - User Clicked Clicked Destination..
17:42:23.368 [main] INFO  - User Selected Destination..
17:42:25.908 [main] INFO  - User Opted the Dates..
17:42:26.540 [main] INFO  - User selected no of persons..
17:42:27.151 [main] INFO  - User selected first person age..
17:42:27.582 [main] INFO  - User selected second person age..
17:42:28.634 [main] INFO  - User Clicked No For Medical Problems..
17:42:30.407 [main] INFO  - User Entered Mobile Number..
17:42:46.396 [main] INFO  - User Selected Sort Price Low TO High..
17:42:47.136 [main] INFO  - User Printed The First Three Companies..
17:43:04.941 [main] INFO  - User is on the Policy Bazar Home Page
17:43:12.295 [main] INFO  - User Clicked Buying New Cars..
17:43:12.580 [main] INFO  - User Selected City as Delhi..
17:43:12.792 [main] INFO  - User Selected Area As DL2..
17:43:13.476 [main] INFO  - User Selected Car As Volkswagon..
17:43:14.380 [main] INFO  - User Selected Car Name as Ameo..
17:43:14.996 [main] INFO  - User Selected Fuel Type as Petrol..
17:43:15.463 [main] INFO  - User Selected The Model As Highline plus..
17:43:16.508 [main] INFO  - User Entered Invalid Email Id..
17:43:17.399 [main] INFO  - User Entered Valid Email..
17:43:22.621 [main] INFO  - User Clicked On the Delhivery in next 7 Days..
17:43:25.154 [main] INFO  - User Enetred Car Ex Show Room Price As 9 Lakhs..
17:43:25.577 [main] INFO  - User Selected The First Car Insurace Company..
17:43:28.266 [main] INFO  - User Printed the Car Insurance Quote For That Company..
10:35:15.895 [main] INFO  - Log Started In TestNG..
10:35:15.903 [main] INFO  - User Clicked Travel Insurance..
10:35:19.419 [main] INFO  - User Clicked Clicked Destination..
10:35:20.063 [main] INFO  - User Selected Destination..
10:35:23.826 [main] INFO  - User Opted the Dates..
10:41:49.948 [main] INFO  - Log Started In TestNG..
10:41:49.956 [main] INFO  - User Clicked Travel Insurance..
10:41:52.562 [main] INFO  - User Clicked Clicked Destination..
10:41:53.185 [main] INFO  - User Selected Destination..
10:41:56.625 [main] INFO  - User Opted the Dates..
10:42:08.666 [main] INFO  - User selected first person age..
10:43:25.520 [TestNG-tests-1] INFO  - Log Started In TestNG..
10:43:25.528 [TestNG-tests-1] INFO  - User Clicked Travel Insurance..
10:43:28.111 [TestNG-tests-1] INFO  - User Clicked Clicked Destination..
10:43:28.553 [TestNG-tests-1] INFO  - User Selected Destination..
10:43:32.348 [TestNG-tests-1] INFO  - User Opted the Dates..
10:46:11.777 [main] INFO  - Log Started In TestNG..
10:46:11.782 [main] INFO  - User Clicked Travel Insurance..
10:46:14.309 [main] INFO  - User Clicked Clicked Destination..
10:46:14.988 [main] INFO  - User Selected Destination..
10:46:18.297 [main] INFO  - User Opted the Dates..
10:48:05.160 [TestNG-tests-1] INFO  - Log Started In TestNG..
10:48:05.169 [TestNG-tests-1] INFO  - User Clicked Travel Insurance..
10:48:50.854 [TestNG-tests-1] INFO  - User Opted the Dates..
10:49:15.378 [TestNG-tests-1] INFO  - Log Started In TestNG..
10:49:15.386 [TestNG-tests-1] INFO  - User Clicked Travel Insurance..
10:49:17.583 [TestNG-tests-1] INFO  - User Clicked Clicked Destination..
10:49:18.109 [TestNG-tests-1] INFO  - User Selected Destination..
10:49:21.757 [TestNG-tests-1] INFO  - User Opted the Dates..
10:49:22.513 [TestNG-tests-1] INFO  - User selected no of persons..
10:49:22.842 [TestNG-tests-1] INFO  - User selected first person age..
10:49:23.139 [TestNG-tests-1] INFO  - User selected second person age..
10:49:23.690 [TestNG-tests-1] INFO  - User Clicked No For Medical Problems..
10:49:25.033 [TestNG-tests-1] INFO  - User Entered Mobile Number..
10:49:40.752 [TestNG-tests-1] INFO  - User Selected Sort Price Low TO High..
10:49:41.379 [TestNG-tests-1] INFO  - User Printed The First Three Companies..
10:49:43.169 [TestNG-tests-1] INFO  - User Navigated to Home Page..
10:49:48.822 [TestNG-tests-1] INFO  - User Clicked Buying New Cars..
10:49:49.134 [TestNG-tests-1] INFO  - User Selected City as Delhi..
10:49:49.350 [TestNG-tests-1] INFO  - User Selected Area As DL2..
10:49:50.009 [TestNG-tests-1] INFO  - User Selected Car As Volkswagon..
10:49:50.842 [TestNG-tests-1] INFO  - User Selected Car Name as Ameo..
10:49:51.412 [TestNG-tests-1] INFO  - User Selected Fuel Type as Petrol..
10:49:51.734 [TestNG-tests-1] INFO  - User Selected The Model As Highline plus..
10:49:52.845 [TestNG-tests-1] INFO  - User Entered Invalid Email Id..
10:49:53.063 [TestNG-tests-1] INFO  - User Captured The ScreenShot of It..
10:49:53.679 [TestNG-tests-1] INFO  - User Entered Valid Email..
10:49:53.846 [TestNG-tests-1] INFO  - User Captured Screenshot of Valid Email..
10:49:56.385 [TestNG-tests-1] INFO  - User Clicked On the Delhivery in next 7 Days..
10:49:56.570 [TestNG-tests-1] INFO  - User Enetred Car Ex Show Room Price As 9 Lakhs..
10:49:59.264 [TestNG-tests-1] INFO  - User Selected The First Car Insurace Company..
10:50:09.842 [TestNG-tests-1] INFO  - User Navigated To The Home Page..
12:47:27.370 [main] INFO  - Log Started In TestNG..
12:47:27.375 [main] INFO  - User Clicked Travel Insurance..
12:47:30.782 [main] INFO  - User Clicked Clicked Destination..
12:47:31.450 [main] INFO  - User Selected Destination..
12:47:35.089 [main] INFO  - User Opted the Dates..
12:47:35.874 [main] INFO  - User selected no of persons..
12:47:36.324 [main] INFO  - User selected first person age..
12:47:36.667 [main] INFO  - User selected second person age..
12:47:37.283 [main] INFO  - User Clicked No For Medical Problems..
12:47:38.711 [main] INFO  - User Entered Mobile Number..
12:47:54.580 [main] INFO  - User Selected Sort Price Low TO High..
12:47:55.314 [main] INFO  - User Printed The First Three Companies..
12:47:56.992 [main] INFO  - User Navigated to Home Page..
12:48:17.292 [main] INFO  - User Clicked Buying New Cars..
12:48:17.468 [main] INFO  - User Selected City as Delhi..
12:48:17.609 [main] INFO  - User Selected Area As DL2..
12:48:18.131 [main] INFO  - User Selected Car As Volkswagon..
12:48:18.909 [main] INFO  - User Selected Car Name as Ameo..
12:48:19.662 [main] INFO  - User Selected Fuel Type as Petrol..
12:48:20.014 [main] INFO  - User Selected The Model As Highline plus..
12:48:20.938 [main] INFO  - User Entered Invalid Email Id..
12:48:21.131 [main] INFO  - User Captured The ScreenShot of It..
12:48:21.543 [main] INFO  - User Entered Valid Email..
12:48:21.692 [main] INFO  - User Captured Screenshot of Valid Email..
12:48:54.488 [main] INFO  - User Clicked On the Delhivery in next 7 Days..
12:48:54.816 [main] INFO  - User Enetred Car Ex Show Room Price As 9 Lakhs..
12:48:57.337 [main] INFO  - User Selected The First Car Insurace Company..
12:49:29.467 [main] INFO  - User Printed the Car Insurance Quote For That Company..
12:49:34.484 [main] INFO  - User Navigated To The Home Page..
12:49:34.708 [main] INFO  - User Hovered on Insurance Products..
12:49:35.114 [main] INFO  - User Printed All The Health Insurances..
12:49:35.114 [main] INFO  - Log End ..
12:59:27.980 [main] INFO  - Log Started In TestNG..
12:59:27.987 [main] INFO  - User Clicked Travel Insurance..
12:59:32.315 [main] INFO  - User Clicked Clicked Destination..
12:59:33.139 [main] INFO  - User Selected Destination..
12:59:37.055 [main] INFO  - User Opted the Dates..
12:59:37.942 [main] INFO  - User selected no of persons..
12:59:38.375 [main] INFO  - User selected first person age..
12:59:38.781 [main] INFO  - User selected second person age..
12:59:39.656 [main] INFO  - User Clicked No For Medical Problems..
12:59:41.116 [main] INFO  - User Entered Mobile Number..
12:59:57.068 [main] INFO  - User Selected Sort Price Low TO High..
12:59:57.662 [main] INFO  - User Printed The First Three Companies..
12:59:59.202 [main] INFO  - User Navigated to Home Page..
13:00:03.723 [main] INFO  - User Clicked Buying New Cars..
13:00:04.181 [main] INFO  - User Selected City as Delhi..
13:00:04.331 [main] INFO  - User Selected Area As DL2..
13:00:04.843 [main] INFO  - User Selected Car As Volkswagon..
13:00:05.731 [main] INFO  - User Selected Car Name as Ameo..
13:00:06.323 [main] INFO  - User Selected Fuel Type as Petrol..
13:00:06.730 [main] INFO  - User Selected The Model As Highline plus..
13:00:07.913 [main] INFO  - User Entered Invalid Email Id..
13:00:08.099 [main] INFO  - User Captured The ScreenShot of It..
13:00:08.600 [main] INFO  - User Entered Valid Email..
13:00:08.742 [main] INFO  - User Captured Screenshot of Valid Email..
13:00:11.638 [main] INFO  - User Clicked On the Delhivery in next 7 Days..
13:00:11.795 [main] INFO  - User Enetred Car Ex Show Room Price As 9 Lakhs..
13:00:14.388 [main] INFO  - User Selected The First Car Insurace Company..
13:00:16.184 [main] INFO  - User Printed the Car Insurance Quote For That Company..
13:00:17.681 [main] INFO  - User Navigated To The Home Page..
13:00:18.346 [main] INFO  - User Hovered on Insurance Products..
13:00:18.808 [main] INFO  - User Printed All The Health Insurances..
13:00:18.809 [main] INFO  - Log End ..
13:10:43.006 [main] INFO  - Log Started In TestNG..
13:10:43.019 [main] INFO  - User Clicked Travel Insurance..
13:10:45.476 [main] INFO  - User Clicked Clicked Destination..
13:10:46.037 [main] INFO  - User Selected Destination..
13:10:49.541 [main] INFO  - User Opted the Dates..
13:10:50.400 [main] INFO  - User selected no of persons..
13:10:50.689 [main] INFO  - User selected first person age..
13:10:50.968 [main] INFO  - User selected second person age..
13:10:51.526 [main] INFO  - User Clicked No For Medical Problems..
13:10:52.816 [main] INFO  - User Entered Mobile Number..
13:11:08.432 [main] INFO  - User Selected Sort Price Low TO High..
13:11:08.940 [main] INFO  - User Printed The First Three Companies..
13:11:11.645 [main] INFO  - User Navigated to Home Page..
13:11:16.467 [main] INFO  - User Clicked Buying New Cars..
13:11:17.155 [main] INFO  - User Selected City as Delhi..
13:11:17.330 [main] INFO  - User Selected Area As DL2..
13:11:17.880 [main] INFO  - User Selected Car As Volkswagon..
13:11:18.789 [main] INFO  - User Selected Car Name as Ameo..
13:11:19.298 [main] INFO  - User Selected Fuel Type as Petrol..
13:11:19.638 [main] INFO  - User Selected The Model As Highline plus..
13:11:20.525 [main] INFO  - User Entered Invalid Email Id..
13:11:20.681 [main] INFO  - User Captured The ScreenShot of It..
13:11:21.054 [main] INFO  - User Entered Valid Email..
13:11:21.191 [main] INFO  - User Captured Screenshot of Valid Email..
13:11:24.400 [main] INFO  - User Clicked On the Delhivery in next 7 Days..
13:11:24.587 [main] INFO  - User Enetred Car Ex Show Room Price As 9 Lakhs..
13:11:26.964 [main] INFO  - User Selected The First Car Insurace Company..
13:11:29.290 [main] INFO  - User Printed the Car Insurance Quote For That Company..
13:11:31.209 [main] INFO  - User Navigated To The Home Page..
13:11:31.397 [main] INFO  - User Hovered on Insurance Products..
13:11:32.131 [main] INFO  - User Printed All The Health Insurances..
13:11:32.131 [main] INFO  - Log End ..
10:20:58.212 [main] INFO  - User Opted the Dates..
23:46:02.372 [main] INFO  - Log Started In TestNG..
23:46:02.380 [main] INFO  - User Clicked Travel Insurance..
23:46:05.909 [main] INFO  - User Clicked Clicked Destination..
23:46:06.651 [main] INFO  - User Selected Destination..
23:46:11.230 [main] INFO  - User Opted the Dates..
23:46:12.140 [main] INFO  - User selected no of persons..
23:46:12.600 [main] INFO  - User selected first person age..
23:46:12.931 [main] INFO  - User selected second person age..
23:46:13.493 [main] INFO  - User Clicked No For Medical Problems..
23:46:15.035 [main] INFO  - User Entered Mobile Number..
23:46:20.840 [main] INFO  - User Selected Sort Price Low TO High..
23:46:21.402 [main] INFO  - User Printed The First Three Companies..
23:46:22.621 [main] INFO  - User Navigated to Home Page..
23:46:28.636 [main] INFO  - User Clicked Buying New Cars..
23:46:28.881 [main] INFO  - User Selected City as Delhi..
23:46:29.024 [main] INFO  - User Selected Area As DL2..
23:46:29.549 [main] INFO  - User Selected Car As Volkswagon..
23:46:30.330 [main] INFO  - User Selected Car Name as Ameo..
23:46:30.842 [main] INFO  - User Selected Fuel Type as Petrol..
23:46:31.202 [main] INFO  - User Selected The Model As Highline plus..
23:46:32.303 [main] INFO  - User Entered Invalid Email Id..
23:46:32.486 [main] INFO  - User Captured The ScreenShot of It..
23:46:33.111 [main] INFO  - User Entered Valid Email..
23:46:33.301 [main] INFO  - User Captured Screenshot of Valid Email..
23:46:36.129 [main] INFO  - User Clicked On the Delhivery in next 7 Days..
23:46:36.349 [main] INFO  - User Enetred Car Ex Show Room Price As 9 Lakhs..
23:46:38.710 [main] INFO  - User Selected The First Car Insurace Company..
23:46:40.270 [main] INFO  - User Printed the Car Insurance Quote For That Company..
23:46:42.237 [main] INFO  - User Navigated To The Home Page..
23:46:42.650 [main] INFO  - User Hovered on Insurance Products..
23:46:43.077 [main] INFO  - User Printed All The Health Insurances..
23:46:43.077 [main] INFO  - Log End ..
23:50:36.855 [main] INFO  - Log Started In TestNG..
23:50:36.865 [main] INFO  - User Clicked Travel Insurance..
23:50:40.317 [main] INFO  - User Clicked Clicked Destination..
23:50:40.612 [main] INFO  - User Selected Destination..
23:50:44.288 [main] INFO  - User Opted the Dates..
23:50:44.970 [main] INFO  - User selected no of persons..
23:50:45.313 [main] INFO  - User selected first person age..
23:50:45.559 [main] INFO  - User selected second person age..
23:50:46.101 [main] INFO  - User Clicked No For Medical Problems..
23:50:48.580 [main] INFO  - User Entered Mobile Number..
23:51:04.204 [main] INFO  - User Selected Sort Price Low TO High..
23:51:04.684 [main] INFO  - User Printed The First Three Companies..
23:51:05.913 [main] INFO  - User Navigated to Home Page..
23:51:10.992 [main] INFO  - User Clicked Buying New Cars..
23:51:11.272 [main] INFO  - User Selected City as Delhi..
23:51:11.465 [main] INFO  - User Selected Area As DL2..
23:51:11.991 [main] INFO  - User Selected Car As Volkswagon..
23:51:12.813 [main] INFO  - User Selected Car Name as Ameo..
23:51:13.278 [main] INFO  - User Selected Fuel Type as Petrol..
23:51:13.647 [main] INFO  - User Selected The Model As Highline plus..
23:51:14.716 [main] INFO  - User Entered Invalid Email Id..
23:51:14.875 [main] INFO  - User Captured The ScreenShot of It..
23:51:15.328 [main] INFO  - User Entered Valid Email..
23:51:15.512 [main] INFO  - User Captured Screenshot of Valid Email..
23:51:18.033 [main] INFO  - User Clicked On the Delhivery in next 7 Days..
23:51:18.163 [main] INFO  - User Enetred Car Ex Show Room Price As 9 Lakhs..
23:51:20.808 [main] INFO  - User Selected The First Car Insurace Company..
23:51:22.680 [main] INFO  - User Printed the Car Insurance Quote For That Company..
23:51:24.445 [main] INFO  - User Navigated To The Home Page..
23:51:24.815 [main] INFO  - User Hovered on Insurance Products..
23:51:25.151 [main] INFO  - User Printed All The Health Insurances..
23:51:25.152 [main] INFO  - Log End ..
23:53:30.865 [main] INFO  - Log Started In TestNG..
23:53:30.880 [main] INFO  - User Clicked Travel Insurance..
23:53:34.270 [main] INFO  - User Clicked Clicked Destination..
23:53:34.625 [main] INFO  - User Selected Destination..
23:53:38.240 [main] INFO  - User Opted the Dates..
23:53:39.000 [main] INFO  - User selected no of persons..
23:53:39.612 [main] INFO  - User selected first person age..
23:53:40.060 [main] INFO  - User selected second person age..
23:53:40.997 [main] INFO  - User Clicked No For Medical Problems..
23:53:42.589 [main] INFO  - User Entered Mobile Number..
23:53:58.355 [main] INFO  - User Selected Sort Price Low TO High..
23:53:58.955 [main] INFO  - User Printed The First Three Companies..
23:54:00.439 [main] INFO  - User Navigated to Home Page..
23:54:05.960 [main] INFO  - User Clicked Buying New Cars..
23:54:06.258 [main] INFO  - User Selected City as Delhi..
23:54:06.486 [main] INFO  - User Selected Area As DL2..
23:54:07.221 [main] INFO  - User Selected Car As Volkswagon..
23:54:08.117 [main] INFO  - User Selected Car Name as Ameo..
23:54:08.665 [main] INFO  - User Selected Fuel Type as Petrol..
23:54:09.052 [main] INFO  - User Selected The Model As Highline plus..
23:54:10.087 [main] INFO  - User Entered Invalid Email Id..
23:54:10.443 [main] INFO  - User Captured The ScreenShot of It..
23:54:10.808 [main] INFO  - User Entered Valid Email..
23:54:10.974 [main] INFO  - User Captured Screenshot of Valid Email..
23:54:13.187 [main] INFO  - User Clicked On the Delhivery in next 7 Days..
23:54:13.321 [main] INFO  - User Enetred Car Ex Show Room Price As 9 Lakhs..
23:54:15.654 [main] INFO  - User Selected The First Car Insurace Company..
23:54:17.019 [main] INFO  - User Printed the Car Insurance Quote For That Company..
23:54:18.814 [main] INFO  - User Navigated To The Home Page..
23:54:19.186 [main] INFO  - User Hovered on Insurance Products..
23:54:19.573 [main] INFO  - User Printed All The Health Insurances..
23:54:19.573 [main] INFO  - Log End ..
14:04:39.992 [main] INFO  - Log Started In TestNG..
14:04:40.001 [main] INFO  - User Clicked Travel Insurance..
14:04:45.577 [main] INFO  - User Clicked Clicked Destination..
14:04:46.517 [main] INFO  - User Selected Destination..
14:48:08.033 [main] INFO  - Log Started In TestNG..
14:48:08.039 [main] INFO  - User Clicked Travel Insurance..
14:48:14.024 [main] INFO  - User Clicked Clicked Destination..
14:48:15.510 [main] INFO  - User Selected Destination..
14:50:43.852 [main] INFO  - Log Started In TestNG..
14:50:43.862 [main] INFO  - User Clicked Travel Insurance..
14:52:54.414 [main] INFO  - Log Started In TestNG..
14:52:54.431 [main] INFO  - User Clicked Travel Insurance..
14:53:00.792 [main] INFO  - User Clicked Clicked Destination..
14:53:01.476 [main] INFO  - User Selected Destination..
14:57:27.342 [main] INFO  - Log Started In TestNG..
14:57:27.353 [main] INFO  - User Clicked Travel Insurance..
14:57:32.387 [main] INFO  - User Clicked Clicked Destination..
14:57:32.987 [main] INFO  - User Selected Destination..
14:59:07.966 [main] INFO  - Log Started In TestNG..
14:59:07.976 [main] INFO  - User Clicked Travel Insurance..
14:59:12.764 [main] INFO  - User Clicked Clicked Destination..
14:59:13.358 [main] INFO  - User Selected Destination..
14:59:18.004 [main] INFO  - User Opted the Dates..
15:01:37.747 [main] INFO  - Log Started In TestNG..
15:01:37.755 [main] INFO  - User Clicked Travel Insurance..
15:02:05.257 [main] INFO  - User Opted the Dates..
15:03:04.364 [main] INFO  - Log Started In TestNG..
15:03:04.372 [main] INFO  - User Clicked Travel Insurance..
15:03:25.851 [main] INFO  - User Opted the Dates..
15:03:53.675 [main] INFO  - Log Started In TestNG..
15:03:53.681 [main] INFO  - User Clicked Travel Insurance..
15:03:58.614 [main] INFO  - User Clicked Clicked Destination..
15:03:59.641 [main] INFO  - User Selected Destination..
15:04:04.891 [main] INFO  - User Opted the Dates..
15:09:11.677 [main] INFO  - Log Started In TestNG..
15:09:11.685 [main] INFO  - User Clicked Travel Insurance..
15:09:17.009 [main] INFO  - User Clicked Clicked Destination..
15:09:17.827 [main] INFO  - User Selected Destination..
15:09:21.818 [main] INFO  - User Opted the Dates..
15:09:22.799 [main] INFO  - User selected no of persons..
15:09:23.547 [main] INFO  - User selected first person age..
15:09:24.119 [main] INFO  - User selected second person age..
15:09:25.018 [main] INFO  - User Clicked No For Medical Problems..
15:09:35.480 [main] INFO  - User Entered Mobile Number..
15:09:51.542 [main] INFO  - User Selected Sort Price Low TO High..
15:09:52.346 [main] INFO  - User Printed The First Three Companies..
15:09:54.748 [main] INFO  - User Navigated to Home Page..
15:10:29.918 [main] INFO  - User Navigated To The Home Page..
15:11:21.817 [main] INFO  - Log Started In TestNG..
15:11:21.838 [main] INFO  - User Clicked Travel Insurance..
15:11:27.241 [main] INFO  - User Clicked Clicked Destination..
15:11:27.998 [main] INFO  - User Selected Destination..
15:11:32.712 [main] INFO  - User Opted the Dates..
15:11:33.689 [main] INFO  - User selected no of persons..
15:11:34.368 [main] INFO  - User selected first person age..
15:11:34.852 [main] INFO  - User selected second person age..
15:11:35.896 [main] INFO  - User Clicked No For Medical Problems..
15:11:38.072 [main] INFO  - User Entered Mobile Number..
15:11:54.203 [main] INFO  - User Selected Sort Price Low TO High..
15:11:55.532 [main] INFO  - User Printed The First Three Companies..
15:11:58.285 [main] INFO  - User Navigated to Home Page..
15:12:33.841 [main] INFO  - User Navigated To The Home Page..
15:13:41.699 [main] INFO  - Log Started In TestNG..
15:13:41.706 [main] INFO  - User Clicked Travel Insurance..
15:13:45.930 [main] INFO  - User Clicked Clicked Destination..
15:13:46.692 [main] INFO  - User Selected Destination..
15:13:50.861 [main] INFO  - User Opted the Dates..
15:13:51.801 [main] INFO  - User selected no of persons..
15:13:52.258 [main] INFO  - User selected first person age..
15:13:52.701 [main] INFO  - User selected second person age..
15:13:53.761 [main] INFO  - User Clicked No For Medical Problems..
15:13:56.121 [main] INFO  - User Entered Mobile Number..
15:14:12.033 [main] INFO  - User Selected Sort Price Low TO High..
15:14:12.759 [main] INFO  - User Printed The First Three Companies..
15:14:15.812 [main] INFO  - User Navigated to Home Page..
15:14:20.462 [main] INFO  - User Clicked Buying New Cars..
15:14:54.432 [main] INFO  - User Navigated To The Home Page..
15:15:43.476 [main] INFO  - Log Started In TestNG..
15:15:43.485 [main] INFO  - User Clicked Travel Insurance..
15:15:48.277 [main] INFO  - User Clicked Clicked Destination..
15:15:49.050 [main] INFO  - User Selected Destination..
15:15:53.123 [main] INFO  - User Opted the Dates..
15:15:54.053 [main] INFO  - User selected no of persons..
15:15:54.486 [main] INFO  - User selected first person age..
15:15:54.904 [main] INFO  - User selected second person age..
15:15:55.656 [main] INFO  - User Clicked No For Medical Problems..
15:15:58.026 [main] INFO  - User Entered Mobile Number..
15:16:13.955 [main] INFO  - User Selected Sort Price Low TO High..
15:16:14.762 [main] INFO  - User Printed The First Three Companies..
15:16:18.938 [main] INFO  - User Navigated to Home Page..
15:16:22.819 [main] INFO  - User Clicked Buying New Cars..
15:16:56.456 [main] INFO  - User Navigated To The Home Page..
15:16:56.747 [main] INFO  - User Hovered on Insurance Products..
15:16:57.271 [main] INFO  - User Printed All The Health Insurances..
15:16:57.272 [main] INFO  - Log End ..
15:42:37.625 [main] INFO  - User Clicked Buying New Cars..
15:42:38.532 [main] INFO  - User Selected City as Delhi..
15:42:38.690 [main] INFO  - User Selected Area As DL2..
15:42:39.072 [main] INFO  - User Selected Car As Volkswagon..
15:42:39.589 [main] INFO  - User Selected Car Name as Ameo..
15:42:40.205 [main] INFO  - User Selected Fuel Type as Petrol..
15:42:40.809 [main] INFO  - User Selected The Model As Highline plus..
15:42:41.628 [main] INFO  - User Entered Invalid Email Id..
15:42:41.844 [main] INFO  - User Captured The ScreenShot of It..
15:42:42.230 [main] INFO  - User Entered Valid Email..
15:42:42.365 [main] INFO  - User Captured Screenshot of Valid Email..
15:49:26.343 [main] INFO  - User Clicked Buying New Cars..
15:49:27.268 [main] INFO  - User Selected City as Delhi..
15:49:27.438 [main] INFO  - User Selected Area As DL2..
15:49:28.115 [main] INFO  - User Selected Car As Volkswagon..
15:49:28.649 [main] INFO  - User Selected Car Name as Ameo..
15:49:29.205 [main] INFO  - User Selected Fuel Type as Petrol..
15:49:29.754 [main] INFO  - User Selected The Model As Highline plus..
15:49:30.497 [main] INFO  - User Entered Invalid Email Id..
15:49:30.701 [main] INFO  - User Captured The ScreenShot of It..
15:49:31.114 [main] INFO  - User Entered Valid Email..
15:49:31.311 [main] INFO  - User Captured Screenshot of Valid Email..
15:49:41.719 [main] INFO  - User Clicked On the Delhivery in next 7 Days..
15:49:41.905 [main] INFO  - User Enetred Car Ex Show Room Price As 9 Lakhs..
15:49:45.087 [main] INFO  - User Selected The First Car Insurace Company..
15:49:47.962 [main] INFO  - User Printed the Car Insurance Quote For That Company..
15:52:23.798 [main] INFO  - User Clicked Buying New Cars..
15:52:25.302 [main] INFO  - User Selected City as Delhi..
15:52:25.483 [main] INFO  - User Selected Area As DL2..
15:52:25.890 [main] INFO  - User Selected Car As Volkswagon..
15:52:26.395 [main] INFO  - User Selected Car Name as Ameo..
15:52:26.927 [main] INFO  - User Selected Fuel Type as Petrol..
15:52:27.554 [main] INFO  - User Selected The Model As Highline plus..
15:52:28.384 [main] INFO  - User Entered Invalid Email Id..
15:52:28.615 [main] INFO  - User Captured The ScreenShot of It..
15:52:29.057 [main] INFO  - User Entered Valid Email..
15:52:29.195 [main] INFO  - User Captured Screenshot of Valid Email..
15:56:27.106 [main] INFO  - User Clicked Buying New Cars..
15:56:28.296 [main] INFO  - User Selected City as Delhi..
15:56:28.454 [main] INFO  - User Selected Area As DL2..
15:56:28.906 [main] INFO  - User Selected Car As Volkswagon..
15:56:29.540 [main] INFO  - User Selected Car Name as Ameo..
15:56:30.181 [main] INFO  - User Selected Fuel Type as Petrol..
15:56:30.804 [main] INFO  - User Selected The Model As Highline plus..
15:56:31.933 [main] INFO  - User Entered Invalid Email Id..
15:56:32.194 [main] INFO  - User Captured The ScreenShot of It..
15:56:32.758 [main] INFO  - User Entered Valid Email..
15:56:32.934 [main] INFO  - User Captured Screenshot of Valid Email..
15:56:43.740 [main] INFO  - User Clicked On the Delhivery in next 7 Days..
15:56:43.962 [main] INFO  - User Enetred Car Ex Show Room Price As 9 Lakhs..
15:56:47.114 [main] INFO  - User Selected The First Car Insurace Company..
15:56:50.531 [main] INFO  - User Printed the Car Insurance Quote For That Company..
15:58:54.710 [main] INFO  - User Clicked Buying New Cars..
15:58:55.636 [main] INFO  - User Selected City as Delhi..
15:58:55.793 [main] INFO  - User Selected Area As DL2..
15:58:56.201 [main] INFO  - User Selected Car As Volkswagon..
15:58:56.694 [main] INFO  - User Selected Car Name as Ameo..
15:58:57.305 [main] INFO  - User Selected Fuel Type as Petrol..
15:58:57.902 [main] INFO  - User Selected The Model As Highline plus..
15:58:58.791 [main] INFO  - User Entered Invalid Email Id..
15:58:59.524 [main] INFO  - User Captured The ScreenShot of It..
15:59:00.005 [main] INFO  - User Entered Valid Email..
15:59:00.186 [main] INFO  - User Captured Screenshot of Valid Email..
15:59:03.480 [main] INFO  - User Clicked On the Delhivery in next 7 Days..
15:59:03.682 [main] INFO  - User Enetred Car Ex Show Room Price As 9 Lakhs..
15:59:06.311 [main] INFO  - User Selected The First Car Insurace Company..
15:59:09.037 [main] INFO  - User Printed the Car Insurance Quote For That Company..
16:00:26.140 [main] INFO  - User Clicked Buying New Cars..
16:00:27.378 [main] INFO  - User Selected City as Delhi..
16:00:27.530 [main] INFO  - User Selected Area As DL2..
16:00:28.079 [main] INFO  - User Selected Car As Volkswagon..
16:00:28.740 [main] INFO  - User Selected Car Name as Ameo..
16:00:29.380 [main] INFO  - User Selected Fuel Type as Petrol..
16:00:30.023 [main] INFO  - User Selected The Model As Highline plus..
16:00:30.957 [main] INFO  - User Entered Invalid Email Id..
16:00:31.220 [main] INFO  - User Captured The ScreenShot of It..
16:00:31.739 [main] INFO  - User Entered Valid Email..
16:00:31.915 [main] INFO  - User Captured Screenshot of Valid Email..
16:00:36.384 [main] INFO  - User Clicked On the Delhivery in next 7 Days..
16:00:36.639 [main] INFO  - User Enetred Car Ex Show Room Price As 9 Lakhs..
16:00:39.467 [main] INFO  - User Selected The First Car Insurace Company..
16:00:44.056 [main] INFO  - User Printed the Car Insurance Quote For That Company..
16:02:40.810 [main] INFO  - User Clicked Buying New Cars..
16:02:42.166 [main] INFO  - User Selected City as Delhi..
16:02:42.351 [main] INFO  - User Selected Area As DL2..
16:02:42.844 [main] INFO  - User Selected Car As Volkswagon..
16:02:43.423 [main] INFO  - User Selected Car Name as Ameo..
16:02:44.011 [main] INFO  - User Selected Fuel Type as Petrol..
16:02:44.668 [main] INFO  - User Selected The Model As Highline plus..
16:02:45.829 [main] INFO  - User Entered Invalid Email Id..
16:02:46.127 [main] INFO  - User Captured The ScreenShot of It..
16:02:46.672 [main] INFO  - User Entered Valid Email..
16:02:46.879 [main] INFO  - User Captured Screenshot of Valid Email..
16:02:51.038 [main] INFO  - User Clicked On the Delhivery in next 7 Days..
16:02:51.255 [main] INFO  - User Enetred Car Ex Show Room Price As 9 Lakhs..
16:02:53.789 [main] INFO  - User Selected The First Car Insurace Company..
16:02:58.288 [main] INFO  - User Printed the Car Insurance Quote For That Company..
16:06:17.205 [main] INFO  - User Clicked Buying New Cars..
16:06:18.136 [main] INFO  - User Selected City as Delhi..
16:06:18.294 [main] INFO  - User Selected Area As DL2..
16:06:18.930 [main] INFO  - User Selected Car As Volkswagon..
16:06:19.579 [main] INFO  - User Selected Car Name as Ameo..
16:06:20.218 [main] INFO  - User Selected Fuel Type as Petrol..
16:06:20.840 [main] INFO  - User Selected The Model As Highline plus..
16:06:21.895 [main] INFO  - User Entered Invalid Email Id..
16:06:22.155 [main] INFO  - User Captured The ScreenShot of It..
16:06:22.778 [main] INFO  - User Entered Valid Email..
16:06:22.984 [main] INFO  - User Captured Screenshot of Valid Email..
16:06:26.743 [main] INFO  - User Clicked On the Delhivery in next 7 Days..
16:06:27.025 [main] INFO  - User Enetred Car Ex Show Room Price As 9 Lakhs..
16:06:29.581 [main] INFO  - User Selected The First Car Insurace Company..
16:06:32.729 [main] INFO  - User Printed the Car Insurance Quote For That Company..
19:45:25.321 [main] INFO  - Log Started In TestNG..
19:45:25.326 [main] INFO  - User Clicked Travel Insurance..
19:45:28.915 [main] INFO  - User Clicked Clicked Destination..
19:45:29.405 [main] INFO  - User Selected Destination..
19:45:33.120 [main] INFO  - User Opted the Dates..
19:45:33.847 [main] INFO  - User selected no of persons..
19:45:34.443 [main] INFO  - User selected first person age..
19:45:34.841 [main] INFO  - User selected second person age..
19:45:35.582 [main] INFO  - User Clicked No For Medical Problems..
19:45:37.454 [main] INFO  - User Entered Mobile Number..
19:45:53.227 [main] INFO  - User Selected Sort Price Low TO High..
19:45:53.963 [main] INFO  - User Printed The First Three Companies..
19:45:56.072 [main] INFO  - User Navigated to Home Page..
19:46:44.031 [main] INFO  - Log Started In TestNG..
19:46:44.041 [main] INFO  - User Clicked Travel Insurance..
19:46:47.056 [main] INFO  - User Clicked Clicked Destination..
19:46:47.660 [main] INFO  - User Selected Destination..
19:46:51.417 [main] INFO  - User Opted the Dates..
19:46:52.026 [main] INFO  - User selected no of persons..
19:46:52.358 [main] INFO  - User selected first person age..
19:46:52.630 [main] INFO  - User selected second person age..
19:46:53.143 [main] INFO  - User Clicked No For Medical Problems..
19:46:54.653 [main] INFO  - User Entered Mobile Number..
19:47:01.478 [main] INFO  - User Selected Sort Price Low TO High..
19:47:02.192 [main] INFO  - User Printed The First Three Companies..
19:47:03.636 [main] INFO  - User Navigated to Home Page..
